# JRE version: Java(TM) SE Runtime Environment (8.0_201-b09) (build 1.8.0_201-b09)
# Java VM: Java HotSpot(TM) 64-Bit Server VM (25.201-b09 mixed mode bsd-amd64 compressed oops)
Heap:
 PSYoungGen      total 188416K, used 13044K [0x000000076ab00000, 0x0000000779700000, 0x00000007c0000000)
  eden space 172544K, 0% used [0x000000076ab00000,0x000000076ab00000,0x0000000775380000)
  from space 15872K, 82% used [0x0000000776400000,0x00000007770bd038,0x0000000777380000)
  to   space 16896K, 0% used [0x0000000775380000,0x0000000775380000,0x0000000776400000)
 ParOldGen       total 91648K, used 10294K [0x00000006c0000000, 0x00000006c5980000, 0x000000076ab00000)
  object space 91648K, 11% used [0x00000006c0000000,0x00000006c0a0d958,0x00000006c5980000)
 Metaspace       used 33982K, capacity 35456K, committed 35496K, reserved 1079296K
  class space    used 4534K, capacity 4844K, committed 4864K, reserved 1048576K
GC Heap History (10 events):
Event: 0.932 GC heap after
Heap after GC invocations=3 (full 0):
 PSYoungGen      total 76288K, used 5259K [0x000000076ab00000, 0x0000000774000000, 0x00000007c0000000)
  eden space 65536K, 0% used [0x000000076ab00000,0x000000076ab00000,0x000000076eb00000)
  from space 10752K, 48% used [0x000000076eb00000,0x000000076f022f50,0x000000076f580000)
  to   space 10752K, 0% used [0x0000000773580000,0x0000000773580000,0x0000000774000000)
 ParOldGen       total 175104K, used 38K [0x00000006c0000000, 0x00000006cab00000, 0x000000076ab00000)
  object space 175104K, 0% used [0x00000006c0000000,0x00000006c0009b68,0x00000006cab00000)
 Metaspace       used 20643K, capacity 21218K, committed 21296K, reserved 1067008K
  class space    used 2721K, capacity 2873K, committed 2944K, reserved 1048576K
}
Event: 0.932 GC heap before
{Heap before GC invocations=4 (full 1):
 PSYoungGen      total 76288K, used 5259K [0x000000076ab00000, 0x0000000774000000, 0x00000007c0000000)
  eden space 65536K, 0% used [0x000000076ab00000,0x000000076ab00000,0x000000076eb00000)
  from space 10752K, 48% used [0x000000076eb00000,0x000000076f022f50,0x000000076f580000)
  to   space 10752K, 0% used [0x0000000773580000,0x0000000773580000,0x0000000774000000)
 ParOldGen       total 175104K, used 38K [0x00000006c0000000, 0x00000006cab00000, 0x000000076ab00000)
  object space 175104K, 0% used [0x00000006c0000000,0x00000006c0009b68,0x00000006cab00000)
 Metaspace       used 20643K, capacity 21218K, committed 21296K, reserved 1067008K
  class space    used 2721K, capacity 2873K, committed 2944K, reserved 1048576K
Event: 0.952 GC heap after
Heap after GC invocations=4 (full 1):
 PSYoungGen      total 76288K, used 0K [0x000000076ab00000, 0x0000000774000000, 0x00000007c0000000)
  eden space 65536K, 0% used [0x000000076ab00000,0x000000076ab00000,0x000000076eb00000)
  from space 10752K, 0% used [0x000000076eb00000,0x000000076eb00000,0x000000076f580000)
  to   space 10752K, 0% used [0x0000000773580000,0x0000000773580000,0x0000000774000000)
 ParOldGen       total 91648K, used 5052K [0x00000006c0000000, 0x00000006c5980000, 0x000000076ab00000)
  object space 91648K, 5% used [0x00000006c0000000,0x00000006c04ef328,0x00000006c5980000)
 Metaspace       used 20641K, capacity 21212K, committed 21296K, reserved 1067008K
  class space    used 2721K, capacity 2872K, committed 2944K, reserved 1048576K
}
Event: 1.265 GC heap before
{Heap before GC invocations=5 (full 1):
 PSYoungGen      total 76288K, used 65536K [0x000000076ab00000, 0x0000000774000000, 0x00000007c0000000)
  eden space 65536K, 100% used [0x000000076ab00000,0x000000076eb00000,0x000000076eb00000)
  from space 10752K, 0% used [0x000000076eb00000,0x000000076eb00000,0x000000076f580000)
  to   space 10752K, 0% used [0x0000000773580000,0x0000000773580000,0x0000000774000000)
 ParOldGen       total 91648K, used 5106K [0x00000006c0000000, 0x00000006c5980000, 0x000000076ab00000)
  object space 91648K, 5% used [0x00000006c0000000,0x00000006c04fc890,0x00000006c5980000)
 Metaspace       used 24185K, capacity 25058K, committed 25216K, reserved 1071104K
  class space    used 3212K, capacity 3429K, committed 3456K, reserved 1048576K
Event: 1.270 GC heap after
Heap after GC invocations=5 (full 1):
 PSYoungGen      total 114688K, used 6594K [0x000000076ab00000, 0x0000000773c00000, 0x00000007c0000000)
  eden space 108032K, 0% used [0x000000076ab00000,0x000000076ab00000,0x0000000771480000)
  from space 6656K, 99% used [0x0000000773580000,0x0000000773bf0aa0,0x0000000773c00000)
  to   space 10752K, 0% used [0x0000000772700000,0x0000000772700000,0x0000000773180000)
 ParOldGen       total 91648K, used 5178K [0x00000006c0000000, 0x00000006c5980000, 0x000000076ab00000)
  object space 91648K, 5% used [0x00000006c0000000,0x00000006c050e8a0,0x00000006c5980000)
 Metaspace       used 24185K, capacity 25058K, committed 25216K, reserved 1071104K
  class space    used 3212K, capacity 3429K, committed 3456K, reserved 1048576K
}
Event: 1.938 GC heap before
{Heap before GC invocations=6 (full 1):
 PSYoungGen      total 114688K, used 114626K [0x000000076ab00000, 0x0000000773c00000, 0x00000007c0000000)
  eden space 108032K, 100% used [0x000000076ab00000,0x0000000771480000,0x0000000771480000)
  from space 6656K, 99% used [0x0000000773580000,0x0000000773bf0aa0,0x0000000773c00000)
  to   space 10752K, 0% used [0x0000000772700000,0x0000000772700000,0x0000000773180000)
 ParOldGen       total 91648K, used 5178K [0x00000006c0000000, 0x00000006c5980000, 0x000000076ab00000)
  object space 91648K, 5% used [0x00000006c0000000,0x00000006c050e8a0,0x00000006c5980000)
 Metaspace       used 32558K, capacity 33994K, committed 34176K, reserved 1079296K
  class space    used 4346K, capacity 4629K, committed 4736K, reserved 1048576K
Event: 1.948 GC heap after
Heap after GC invocations=6 (full 1):
 PSYoungGen      total 137728K, used 10742K [0x000000076ab00000, 0x0000000777380000, 0x00000007c0000000)
  eden space 126976K, 0% used [0x000000076ab00000,0x000000076ab00000,0x0000000772700000)
  from space 10752K, 99% used [0x0000000772700000,0x000000077317d980,0x0000000773180000)
  to   space 15872K, 0% used [0x0000000776400000,0x0000000776400000,0x0000000777380000)
 ParOldGen       total 91648K, used 10286K [0x00000006c0000000, 0x00000006c5980000, 0x000000076ab00000)
  object space 91648K, 11% used [0x00000006c0000000,0x00000006c0a0b958,0x00000006c5980000)
 Metaspace       used 32558K, capacity 33994K, committed 34176K, reserved 1079296K
  class space    used 4346K, capacity 4629K, committed 4736K, reserved 1048576K
}
Event: 2.103 GC heap before
{Heap before GC invocations=7 (full 1):
 PSYoungGen      total 137728K, used 44312K [0x000000076ab00000, 0x0000000777380000, 0x00000007c0000000)
  eden space 126976K, 26% used [0x000000076ab00000,0x000000076cbc88f8,0x0000000772700000)
  from space 10752K, 99% used [0x0000000772700000,0x000000077317d980,0x0000000773180000)
  to   space 15872K, 0% used [0x0000000776400000,0x0000000776400000,0x0000000777380000)
 ParOldGen       total 91648K, used 10286K [0x00000006c0000000, 0x00000006c5980000, 0x000000076ab00000)
  object space 91648K, 11% used [0x00000006c0000000,0x00000006c0a0b958,0x00000006c5980000)
 Metaspace       used 33982K, capacity 35456K, committed 35496K, reserved 1079296K
  class space    used 4534K, capacity 4844K, committed 4864K, reserved 1048576K
Event: 2.111 GC heap after
Heap after GC invocations=7 (full 1):
 PSYoungGen      total 188416K, used 13044K [0x000000076ab00000, 0x0000000779700000, 0x00000007c0000000)
  eden space 172544K, 0% used [0x000000076ab00000,0x000000076ab00000,0x0000000775380000)
  from space 15872K, 82% used [0x0000000776400000,0x00000007770bd038,0x0000000777380000)
  to   space 16896K, 0% used [0x0000000775380000,0x0000000775380000,0x0000000776400000)
 ParOldGen       total 91648K, used 10294K [0x00000006c0000000, 0x00000006c5980000, 0x000000076ab00000)
  object space 91648K, 11% used [0x00000006c0000000,0x00000006c0a0d958,0x00000006c5980000)
 Metaspace       used 33982K, capacity 35456K, committed 35496K, reserved 1079296K
  class space    used 4534K, capacity 4844K, committed 4864K, reserved 1048576K
}
Event: 2.111 GC heap before
{Heap before GC invocations=8 (full 2):
 PSYoungGen      total 188416K, used 13044K [0x000000076ab00000, 0x0000000779700000, 0x00000007c0000000)
  eden space 172544K, 0% used [0x000000076ab00000,0x000000076ab00000,0x0000000775380000)
  from space 15872K, 82% used [0x0000000776400000,0x00000007770bd038,0x0000000777380000)
  to   space 16896K, 0% used [0x0000000775380000,0x0000000775380000,0x0000000776400000)
 ParOldGen       total 91648K, used 10294K [0x00000006c0000000, 0x00000006c5980000, 0x000000076ab00000)
  object space 91648K, 11% used [0x00000006c0000000,0x00000006c0a0d958,0x00000006c5980000)
 Metaspace       used 33982K, capacity 35456K, committed 35496K, reserved 1079296K
  class space    used 4534K, capacity 4844K, committed 4864K, reserved 1048576K

